<?xml version="1.0" encoding="UTF-8"?>
<testng-results ignored="0" total="2" passed="2" failed="0" skipped="0">
  <reporter-output>
    <line>
      <![CDATA[@Test annotation start execution]]>
    </line>
    <line>
      <![CDATA[Test is start]]>
    </line>
    <line>
      <![CDATA[Test is start]]>
    </line>
  </reporter-output>
  <suite started-at="2023-04-02T18:58:36 IST" name="Default suite" finished-at="2023-04-02T18:58:43 IST" duration-ms="6917">
    <groups>
    </groups>
    <test started-at="2023-04-02T18:58:36 IST" name="Default test" finished-at="2023-04-02T18:58:43 IST" duration-ms="6917">
      <class name="testNGDynamicScreenshot.ActitimeLogin">
        <test-method is-config="true" signature="setUp()[pri:0, instance:testNGDynamicScreenshot.ActitimeLogin@29e495ff]" started-at="2023-04-02T18:58:36 IST" name="setUp" finished-at="2023-04-02T18:58:38 IST" duration-ms="2117" status="PASS">
          <reporter-output>
          </reporter-output>
        </test-method> <!-- setUp -->
        <test-method signature="loginpageMethod()[pri:0, instance:testNGDynamicScreenshot.ActitimeLogin@29e495ff]" started-at="2023-04-02T18:58:38 IST" name="loginpageMethod" finished-at="2023-04-02T18:58:39 IST" duration-ms="264" status="PASS">
          <reporter-output>
            <line>
              <![CDATA[Test is start]]>
            </line>
          </reporter-output>
        </test-method> <!-- loginpageMethod -->
        <test-method is-config="true" signature="tearDown()[pri:0, instance:testNGDynamicScreenshot.ActitimeLogin@29e495ff]" started-at="2023-04-02T18:58:39 IST" name="tearDown" finished-at="2023-04-02T18:58:39 IST" duration-ms="259" status="PASS">
          <reporter-output>
          </reporter-output>
        </test-method> <!-- tearDown -->
        <test-method is-config="true" signature="setUp()[pri:0, instance:testNGDynamicScreenshot.ActitimeLogin@29e495ff]" started-at="2023-04-02T18:58:39 IST" name="setUp" finished-at="2023-04-02T18:58:40 IST" duration-ms="1055" status="PASS">
          <reporter-output>
          </reporter-output>
        </test-method> <!-- setUp -->
        <test-method signature="homepageMethod()[pri:0, instance:testNGDynamicScreenshot.ActitimeLogin@29e495ff]" started-at="2023-04-02T18:58:40 IST" name="homepageMethod" finished-at="2023-04-02T18:58:43 IST" depends-on-methods="testNGDynamicScreenshot.ActitimeLogin.loginpageMethod" duration-ms="2829" status="PASS">
          <reporter-output>
            <line>
              <![CDATA[Test is start]]>
            </line>
          </reporter-output>
        </test-method> <!-- homepageMethod -->
        <test-method is-config="true" signature="tearDown()[pri:0, instance:testNGDynamicScreenshot.ActitimeLogin@29e495ff]" started-at="2023-04-02T18:58:43 IST" name="tearDown" finished-at="2023-04-02T18:58:43 IST" duration-ms="336" status="PASS">
          <reporter-output>
          </reporter-output>
        </test-method> <!-- tearDown -->
      </class> <!-- testNGDynamicScreenshot.ActitimeLogin -->
    </test> <!-- Default test -->
  </suite> <!-- Default suite -->
</testng-results>
