<?xml version="1.0" encoding="UTF-8"?>
<!-- Generated by org.testng.reporters.JUnitXMLReporter -->
<testsuite ignored="12" hostname="DESKTOP-VS3484C" failures="0" tests="6" name="Test" time="0.127" errors="0" timestamp="2023-03-30T19:32:00 IST">
  <testcase classname="testNGFlag.GroupExecution" name="ft1" time="0.016"/>
  <testcase classname="testNGFlag.GroupExecution" name="ft2" time="0.002"/>
  <testcase classname="testNGFlag.GroupExecution" name="ft3" time="0.002"/>
  <testcase classname="testNGFlag.GroupExecution" name="ft4" time="0.002"/>
  <testcase classname="testNGFlag.GroupExecution" name="ft5" time="0.002"/>
  <testcase classname="testNGFlag.GroupExecution" name="ft6" time="0.002"/>
  <testcase classname="testNGFlag.GroupExecution" name="st1" time="0.0">
    <ignored/>
  </testcase> <!-- st1 -->
  <testcase classname="testNGFlag.GroupExecution" name="it6" time="0.0">
    <ignored/>
  </testcase> <!-- it6 -->
  <testcase classname="testNGFlag.GroupExecution" name="it4" time="0.0">
    <ignored/>
  </testcase> <!-- it4 -->
  <testcase classname="testNGFlag.GroupExecution" name="it5" time="0.0">
    <ignored/>
  </testcase> <!-- it5 -->
  <testcase classname="testNGFlag.GroupExecution" name="it2" time="0.0">
    <ignored/>
  </testcase> <!-- it2 -->
  <testcase classname="testNGFlag.GroupExecution" name="it3" time="0.0">
    <ignored/>
  </testcase> <!-- it3 -->
  <testcase classname="testNGFlag.GroupExecution" name="st6" time="0.0">
    <ignored/>
  </testcase> <!-- st6 -->
  <testcase classname="testNGFlag.GroupExecution" name="it1" time="0.0">
    <ignored/>
  </testcase> <!-- it1 -->
  <testcase classname="testNGFlag.GroupExecution" name="st4" time="0.0">
    <ignored/>
  </testcase> <!-- st4 -->
  <testcase classname="testNGFlag.GroupExecution" name="st5" time="0.0">
    <ignored/>
  </testcase> <!-- st5 -->
  <testcase classname="testNGFlag.GroupExecution" name="st2" time="0.0">
    <ignored/>
  </testcase> <!-- st2 -->
  <testcase classname="testNGFlag.GroupExecution" name="st3" time="0.0">
    <ignored/>
  </testcase> <!-- st3 -->
</testsuite> <!-- Test -->
